<?xml version="1.0" encoding="UTF-8"?>
<testng-results ignored="0" total="1" passed="1" failed="0" skipped="0">
  <reporter-output>
  </reporter-output>
  <suite started-at="2024-07-09T12:19:19 CDT" name="Default suite" finished-at="2024-07-09T12:19:19 CDT" duration-ms="85">
    <groups>
    </groups>
    <test started-at="2024-07-09T12:19:19 CDT" name="Default test" finished-at="2024-07-09T12:19:19 CDT" duration-ms="85">
      <class name="TestPack3.PropertiesClass">
        <test-method signature="propertiesTest()[pri:0, instance:TestPack3.PropertiesClass@7334aada]" started-at="2024-07-09T12:19:19 CDT" name="propertiesTest" finished-at="2024-07-09T12:19:19 CDT" duration-ms="46" status="PASS">
          <reporter-output>
          </reporter-output>
        </test-method> <!-- propertiesTest -->
      </class> <!-- TestPack3.PropertiesClass -->
    </test> <!-- Default test -->
  </suite> <!-- Default suite -->
</testng-results>
